\BOOKMARK [1][-]{section.1}{Introduction}{}% 1
\BOOKMARK [2][-]{subsection.1.1}{Advantages of IGA over FEA}{section.1}% 2
\BOOKMARK [1][-]{section.2}{B-Splines }{}% 3
\BOOKMARK [2][-]{subsection.2.1}{Order }{section.2}% 4
\BOOKMARK [2][-]{subsection.2.2}{Knot vector }{section.2}% 5
\BOOKMARK [2][-]{subsection.2.3}{Control points }{section.2}% 6
\BOOKMARK [2][-]{subsection.2.4}{B-Spline basis functions }{section.2}% 7
\BOOKMARK [3][-]{subsubsection.2.4.1}{Properties }{subsection.2.4}% 8
\BOOKMARK [3][-]{subsubsection.2.4.2}{Derivatives }{subsection.2.4}% 9
\BOOKMARK [2][-]{subsection.2.5}{B-Spline curves}{section.2}% 10
\BOOKMARK [2][-]{subsection.2.6}{B-Spline surfaces}{section.2}% 11
\BOOKMARK [3][-]{subsubsection.2.6.1}{Derivatives}{subsection.2.6}% 12
\BOOKMARK [1][-]{section.3}{Non Uniform Rational B-Splines }{}% 13
\BOOKMARK [2][-]{subsection.3.1}{NURBS basis functions}{section.3}% 14
\BOOKMARK [3][-]{subsubsection.3.1.1}{Derivatives}{subsection.3.1}% 15
\BOOKMARK [2][-]{subsection.3.2}{NURBS Curves }{section.3}% 16
\BOOKMARK [3][-]{subsubsection.3.2.1}{Properties }{subsection.3.2}% 17
\BOOKMARK [2][-]{subsection.3.3}{NURBS Surfaces and solids }{section.3}% 18
\BOOKMARK [2][-]{subsection.3.4}{Derivatives of NURBS bivariate Basis Functions}{section.3}% 19
\BOOKMARK [1][-]{section.4}{Implementation Procedure for IGA}{}% 20
\BOOKMARK [2][-]{subsection.4.1}{Pre-processing Stage of the Analysis}{section.4}% 21
\BOOKMARK [3][-]{subsubsection.4.1.1}{Geometry Creation}{subsection.4.1}% 22
\BOOKMARK [3][-]{subsubsection.4.1.2}{Assembly arrays}{subsection.4.1}% 23
\BOOKMARK [3][-]{subsubsection.4.1.3}{Boundary Conditions}{subsection.4.1}% 24
\BOOKMARK [2][-]{subsection.4.2}{Processing Stage of the Analysis}{section.4}% 25
\BOOKMARK [2][-]{subsection.4.3}{Post-processing Stage of the Analysis}{section.4}% 26
\BOOKMARK [1][-]{section.5}{Mechanical Case}{}% 27
\BOOKMARK [2][-]{subsection.5.1}{Governing Equations}{section.5}% 28
\BOOKMARK [2][-]{subsection.5.2}{Weak Formulation}{section.5}% 29
\BOOKMARK [2][-]{subsection.5.3}{IGA Formulation}{section.5}% 30
\BOOKMARK [1][-]{section.6}{Piezoelectric Case}{}% 31
\BOOKMARK [2][-]{subsection.6.1}{Governing Equations for Piezoelectric Materials}{section.6}% 32
\BOOKMARK [2][-]{subsection.6.2}{Weak Formulation}{section.6}% 33
\BOOKMARK [2][-]{subsection.6.3}{IGA Formulation}{section.6}% 34
\BOOKMARK [1][-]{section.7}{Modelling and Results}{}% 35
\BOOKMARK [2][-]{subsection.7.1}{2D Plate under linear elastic loading}{section.7}% 36
\BOOKMARK [3][-]{subsubsection.7.1.1}{Problem description}{subsection.7.1}% 37
\BOOKMARK [3][-]{subsubsection.7.1.2}{Parametric details for the plate with single element}{subsection.7.1}% 38
\BOOKMARK [3][-]{subsubsection.7.1.3}{Results and discussions}{subsection.7.1}% 39
\BOOKMARK [3][-]{subsubsection.7.1.4}{Conclusion}{subsection.7.1}% 40
\BOOKMARK [2][-]{subsection.7.2}{2D Plate under pure Electrical loading}{section.7}% 41
\BOOKMARK [3][-]{subsubsection.7.2.1}{Problem description}{subsection.7.2}% 42
\BOOKMARK [3][-]{subsubsection.7.2.2}{Parametric details for the plate with single element}{subsection.7.2}% 43
\BOOKMARK [3][-]{subsubsection.7.2.3}{Results and discussions}{subsection.7.2}% 44
\BOOKMARK [3][-]{subsubsection.7.2.4}{Conclusion}{subsection.7.2}% 45
\BOOKMARK [2][-]{subsection.7.3}{2D Piezoelectric plate under mechanical loading}{section.7}% 46
\BOOKMARK [3][-]{subsubsection.7.3.1}{Problem description}{subsection.7.3}% 47
\BOOKMARK [3][-]{subsubsection.7.3.2}{Parametric details for the plate with single element}{subsection.7.3}% 48
\BOOKMARK [3][-]{subsubsection.7.3.3}{Results and discussions}{subsection.7.3}% 49
\BOOKMARK [3][-]{subsubsection.7.3.4}{Conclusion}{subsection.7.3}% 50
\BOOKMARK [3][-]{subsubsection.7.3.5}{Comparison of electro-mechanical coupling with pure mechanical case}{subsection.7.3}% 51
\BOOKMARK [3][-]{subsubsection.7.3.6}{Parametric details for the plate with 2 elements in x-direction and 3 elements in y-direction}{subsection.7.3}% 52
\BOOKMARK [3][-]{subsubsection.7.3.7}{Results and discussions}{subsection.7.3}% 53
\BOOKMARK [3][-]{subsubsection.7.3.8}{Conclusion}{subsection.7.3}% 54
\BOOKMARK [2][-]{subsection.7.4}{2D Piezoelectric plate under electrical loading}{section.7}% 55
\BOOKMARK [3][-]{subsubsection.7.4.1}{Problem description}{subsection.7.4}% 56
\BOOKMARK [3][-]{subsubsection.7.4.2}{Parametric details for the plate with single element}{subsection.7.4}% 57
\BOOKMARK [3][-]{subsubsection.7.4.3}{Results and discussions}{subsection.7.4}% 58
\BOOKMARK [3][-]{subsubsection.7.4.4}{Conclusion}{subsection.7.4}% 59
\BOOKMARK [3][-]{subsubsection.7.4.5}{Comparison of electro-mechanical coupling with pure electrical case}{subsection.7.4}% 60
\BOOKMARK [3][-]{subsubsection.7.4.6}{Parametric details for the plate with 2 elements in x-direction and 3 elements in y-direction}{subsection.7.4}% 61
\BOOKMARK [3][-]{subsubsection.7.4.7}{Results and discussions}{subsection.7.4}% 62
\BOOKMARK [3][-]{subsubsection.7.4.8}{Conclusion}{subsection.7.4}% 63
\BOOKMARK [2][-]{subsection.7.5}{2D Piezoelectric plate under mechanical loading with higher-order NURBS basis functions }{section.7}% 64
\BOOKMARK [3][-]{subsubsection.7.5.1}{Problem description}{subsection.7.5}% 65
\BOOKMARK [3][-]{subsubsection.7.5.2}{Order of NURBS basis functions}{subsection.7.5}% 66
\BOOKMARK [3][-]{subsubsection.7.5.3}{Results and discussions}{subsection.7.5}% 67
\BOOKMARK [3][-]{subsubsection.7.5.4}{Conclusion}{subsection.7.5}% 68
\BOOKMARK [1][-]{section.8}{Bottleneck in the code}{}% 69
\BOOKMARK [2][-]{subsection.8.1}{Aim}{section.8}% 70
\BOOKMARK [2][-]{subsection.8.2}{Problem description}{section.8}% 71
\BOOKMARK [2][-]{subsection.8.3}{Findings and Conclusion}{section.8}% 72
\BOOKMARK [1][-]{section.9}{Milestones achieved}{}% 73
\BOOKMARK [1][-]{section.10}{Intricacies of Isogeometric analysis}{}% 74
\BOOKMARK [1][-]{section.11}{How to run the Program}{}% 75
\BOOKMARK [1][-]{section.12}{Conclusion}{}% 76
\BOOKMARK [2][-]{subsection.12.1}{Continuation Strategy}{section.12}% 77
\BOOKMARK [1][-]{section.13}{Appendices}{}% 78
\BOOKMARK [2][-]{subsection.13.1}{Material Properties}{section.13}% 79
\BOOKMARK [1][-]{section.14}{Git log}{}% 80
\BOOKMARK [1][-]{section*.48}{References}{}% 81
